[11:54:53.185] Global cache location '/home/nasum/.cache/typescript/3.8', safe file path '/home/nasum/src/github.com/lapras-inc/lapras-frontend/node_modules/typescript/lib/typingSafeList.json', types map path /home/nasum/src/github.com/lapras-inc/lapras-frontend/node_modules/typescript/lib/typesMap.json
[11:54:53.186] Processing cache location '/home/nasum/.cache/typescript/3.8'
[11:54:53.186] Trying to find '/home/nasum/.cache/typescript/3.8/package.json'...
[11:54:53.189] Loaded content of '/home/nasum/.cache/typescript/3.8/package.json': {"private":true,"dependencies":{"types-registry":"^0.1.482"},"devDependencies":{"@types/acorn":"^4.0.5","@types/ajv-errors":"^1.0.2","@types/ajv-keywords":"^3.4.0","@types/ansi-styles":"^3.2.1","@types/anymatch":"^1.3.1","@types/arr-diff":"^4.0.0","@types/arr-union":"^3.1.0","@types/array-unique":"^0.3.0","@types/assert":"^1.4.6","@types/atob":"^2.1.2","@types/balanced-match":"^1.0.1","@types/base64-js":"^1.2.5","@types/big.js":"^4.0.5","@types/bluebird":"^3.5.30","@types/bn.js":"^4.11.6","@types/brace-expansion":"^1.1.0","@types/braces":"^3.0.0","@types/brorand":"^1.0.30","@types/buffer-from":"^1.1.0","@types/buffer-xor":"^2.0.0","@types/cacache":"^12.0.1","@types/chownr":"^1.0.0","@types/cipher-base":"^1.0.0","@types/clean-css":"^4.2.1","@types/color-convert":"^1.9.0","@types/color-name":"^1.1.1","@types/commondir":"^1.0.0","@types/component-emitter":"^1.2.8","@types/concat-map":"0.0.0","@types/concat-stream":"^1.6.0","@types/consolidate":"^0.14.0","@types/create-hash":"^1.2.2","@types/create-hmac":"^1.1.0","@types/cross-spawn":"^6.0.1","@types/cssesc":"^3.0.0","@types/debug":"^4.1.5","@types/decode-uri-component":"^0.2.0","@types/define-properties":"^1.1.2","@types/diffie-hellman":"^5.0.0","@types/domhandler":"^2.4.1","@types/domutils":"^1.7.2","@types/duplexify":"^3.6.0","@types/elliptic":"^6.4.12","@types/end-of-stream":"^1.4.0","@types/enhanced-resolve":"^3.0.6","@types/entities":"^1.1.1","@types/es-to-primitive":"^1.2.0","@types/eslint-scope":"^3.7.0","@types/estraverse":"0.0.6","@types/events":"^3.0.0","@types/expand-tilde":"^2.0.0","@types/find-cache-dir":"^3.2.0","@types/findup-sync":"^2.0.2","@types/flush-write-stream":"^1.0.0","@types/from2":"^2.3.0","@types/function-bind":"^1.1.1","@types/get-caller-file":"^1.0.0","@types/get-value":"^3.0.1","@types/glob":"^7.1.1","@types/glob-parent":"^5.1.0","@types/global-modules":"^2.0.0","@types/global-prefix":"^3.0.0","@types/graceful-fs":"^4.1.3","@types/hash-sum":"^1.0.0","@types/he":"^1.1.1","@types/html-minifier":"^3.5.3","@types/html-webpack-plugin":"^3.2.2","@types/htmlparser2":"^3.10.1","@types/iferr":"^1.0.2","@types/imurmurhash":"^0.1.0","@types/inherits":"0.0.30","@types/ini":"^1.3.30","@types/interpret":"^1.1.1","@types/is-buffer":"^2.0.0","@types/is-callable":"^1.1.0","@types/is-date-object":"^1.0.1","@types/is-glob":"^4.0.1","@types/is-number":"^7.0.0","@types/is-windows":"^1.0.0","@types/isarray":"^2.0.0","@types/isexe":"^2.0.0","@types/jquery":"^3.3.33","@types/json-parse-better-errors":"^1.0.0","@types/json-schema-traverse":"^0.4.0","@types/json5":"0.0.30","@types/kind-of":"^6.0.0","@types/loader-runner":"^2.2.3","@types/loader-utils":"^1.1.3","@types/lodash":"^4.14.149","@types/lru-cache":"^5.1.0","@types/memory-fs":"^0.3.2","@types/micromatch":"^4.0.1","@types/minimalistic-assert":"^1.0.0","@types/minimatch":"^3.0.3","@types/minimist":"^1.2.0","@types/mkdirp":"^1.0.0","@types/move-concurrently":"^1.0.2","@types/ms":"^0.7.31","@types/nice-try":"^2.0.0","@types/node":"^13.9.1","@types/normalize-path":"^3.0.0","@types/object-assign":"^4.0.30","@types/object-inspect":"^1.6.1","@types/object-keys":"^1.0.1","@types/object.getownpropertydescriptors":"^2.1.0","@types/object.pick":"^1.3.0","@types/once":"^1.4.0","@types/pako":"^1.0.1","@types/parallel-transform":"^1.1.0","@types/parse-passwd":"^1.0.0","@types/path-is-absolute":"^1.0.0","@types/pbkdf2":"^3.0.0","@types/pify":"^3.0.2","@types/prettier":"^1.19.0","@types/promise-inflight":"^1.0.0","@types/pump":"^1.1.0","@types/pumpify":"^1.4.1","@types/punycode":"^2.1.0","@types/randombytes":"^2.0.0","@types/readable-stream":"^2.3.5","@types/relateurl":"^0.2.28","@types/repeat-element":"^1.1.0","@types/repeat-string":"^1.6.0","@types/require-directory":"^2.1.1","@types/rimraf":"^2.0.3","@types/ripemd160":"^2.0.0","@types/safe-regex":"^1.1.2","@types/semver":"^7.1.0","@types/serialize-javascript":"^1.5.0","@types/set-value":"^2.0.0","@types/setimmediate":"^1.0.0","@types/sha.js":"^2.4.0","@types/shebang-command":"^1.2.0","@types/signal-exit":"^3.0.0","@types/source-list-map":"^0.1.2","@types/source-map-support":"^0.5.1","@types/ssri":"^6.0.1","@types/stream-each":"^1.2.0","@types/stream-shift":"^1.0.0","@types/supports-color":"^5.3.0","@types/tapable":"^1.0.5","@types/terser-webpack-plugin":"^2.2.0","@types/through2":"^2.0.34","@types/toposort":"^2.0.3","@types/uglify-js":"^3.0.4","@types/uniq":"0.0.27","@types/urix":"^0.1.0","@types/util-deprecate":"^1.0.0","@types/util.promisify":"^1.0.3","@types/watchpack":"^1.1.5","@types/webpack":"^4.41.7","@types/webpack-sources":"^0.1.6","@types/which":"^1.3.2","@types/wrap-ansi":"^3.0.0","@types/xtend":"^4.0.2","@types/y18n":"^4.0.0","@types/yallist":"^3.0.1","@types/yargs":"^15.0.4","@types/yargs-parser":"^15.0.0"}}
[11:54:53.189] Loaded content of '/home/nasum/.cache/typescript/3.8/package-lock.json'
[11:54:53.197] Adding entry into typings cache: 'acorn' => '/home/nasum/.cache/typescript/3.8/node_modules/@types/acorn/index.d.ts'
[11:54:53.199] Adding entry into typings cache: 'ajv-errors' => '/home/nasum/.cache/typescript/3.8/node_modules/@types/ajv-errors/index.d.ts'
[11:54:53.200] Adding entry into typings cache: 'ajv-keywords' => '/home/nasum/.cache/typescript/3.8/node_modules/@types/ajv-keywords/index.d.ts'
[11:54:53.202] Adding entry into typings cache: 'ansi-styles' => '/home/nasum/.cache/typescript/3.8/node_modules/@types/ansi-styles/index.d.ts'
[11:54:53.205] Adding entry into typings cache: 'anymatch' => '/home/nasum/.cache/typescript/3.8/node_modules/@types/anymatch/index.d.ts'
[11:54:53.208] Adding entry into typings cache: 'arr-diff' => '/home/nasum/.cache/typescript/3.8/node_modules/@types/arr-diff/index.d.ts'
[11:54:53.212] Adding entry into typings cache: 'arr-union' => '/home/nasum/.cache/typescript/3.8/node_modules/@types/arr-union/index.d.ts'
[11:54:53.215] Adding entry into typings cache: 'array-unique' => '/home/nasum/.cache/typescript/3.8/node_modules/@types/array-unique/index.d.ts'
[11:54:53.217] Adding entry into typings cache: 'assert' => '/home/nasum/.cache/typescript/3.8/node_modules/@types/assert/ts3.7/index.d.ts'
[11:54:53.220] Adding entry into typings cache: 'atob' => '/home/nasum/.cache/typescript/3.8/node_modules/@types/atob/index.d.ts'
[11:54:53.221] Adding entry into typings cache: 'balanced-match' => '/home/nasum/.cache/typescript/3.8/node_modules/@types/balanced-match/index.d.ts'
[11:54:53.222] Adding entry into typings cache: 'base64-js' => '/home/nasum/.cache/typescript/3.8/node_modules/@types/base64-js/index.d.ts'
[11:54:53.223] Adding entry into typings cache: 'big.js' => '/home/nasum/.cache/typescript/3.8/node_modules/@types/big.js/index.d.ts'
[11:54:53.225] Adding entry into typings cache: 'bluebird' => '/home/nasum/.cache/typescript/3.8/node_modules/@types/bluebird/index.d.ts'
[11:54:53.226] Adding entry into typings cache: 'bn.js' => '/home/nasum/.cache/typescript/3.8/node_modules/@types/bn.js/index.d.ts'
[11:54:53.227] Adding entry into typings cache: 'brace-expansion' => '/home/nasum/.cache/typescript/3.8/node_modules/@types/brace-expansion/index.d.ts'
[11:54:53.230] Adding entry into typings cache: 'braces' => '/home/nasum/.cache/typescript/3.8/node_modules/@types/braces/index.d.ts'
[11:54:53.231] Adding entry into typings cache: 'brorand' => '/home/nasum/.cache/typescript/3.8/node_modules/@types/brorand/index.d.ts'
[11:54:53.233] Adding entry into typings cache: 'buffer-from' => '/home/nasum/.cache/typescript/3.8/node_modules/@types/buffer-from/index.d.ts'
[11:54:53.234] Adding entry into typings cache: 'buffer-xor' => '/home/nasum/.cache/typescript/3.8/node_modules/@types/buffer-xor/index.d.ts'
[11:54:53.235] Adding entry into typings cache: 'cacache' => '/home/nasum/.cache/typescript/3.8/node_modules/@types/cacache/index.d.ts'
[11:54:53.236] Adding entry into typings cache: 'chownr' => '/home/nasum/.cache/typescript/3.8/node_modules/@types/chownr/index.d.ts'
[11:54:53.237] Adding entry into typings cache: 'cipher-base' => '/home/nasum/.cache/typescript/3.8/node_modules/@types/cipher-base/index.d.ts'
[11:54:53.238] Adding entry into typings cache: 'clean-css' => '/home/nasum/.cache/typescript/3.8/node_modules/@types/clean-css/index.d.ts'
[11:54:53.239] Adding entry into typings cache: 'color-convert' => '/home/nasum/.cache/typescript/3.8/node_modules/@types/color-convert/index.d.ts'
[11:54:53.240] Adding entry into typings cache: 'color-name' => '/home/nasum/.cache/typescript/3.8/node_modules/@types/color-name/index.d.ts'
[11:54:53.241] Adding entry into typings cache: 'commondir' => '/home/nasum/.cache/typescript/3.8/node_modules/@types/commondir/index.d.ts'
[11:54:53.244] Adding entry into typings cache: 'component-emitter' => '/home/nasum/.cache/typescript/3.8/node_modules/@types/component-emitter/index.d.ts'
[11:54:53.245] Adding entry into typings cache: 'concat-map' => '/home/nasum/.cache/typescript/3.8/node_modules/@types/concat-map/index.d.ts'
[11:54:53.246] Adding entry into typings cache: 'concat-stream' => '/home/nasum/.cache/typescript/3.8/node_modules/@types/concat-stream/index.d.ts'
[11:54:53.247] Adding entry into typings cache: 'consolidate' => '/home/nasum/.cache/typescript/3.8/node_modules/@types/consolidate/index.d.ts'
[11:54:53.249] Adding entry into typings cache: 'create-hash' => '/home/nasum/.cache/typescript/3.8/node_modules/@types/create-hash/index.d.ts'
[11:54:53.250] Adding entry into typings cache: 'create-hmac' => '/home/nasum/.cache/typescript/3.8/node_modules/@types/create-hmac/index.d.ts'
[11:54:53.252] Adding entry into typings cache: 'cross-spawn' => '/home/nasum/.cache/typescript/3.8/node_modules/@types/cross-spawn/index.d.ts'
[11:54:53.253] Adding entry into typings cache: 'cssesc' => '/home/nasum/.cache/typescript/3.8/node_modules/@types/cssesc/index.d.ts'
[11:54:53.255] Adding entry into typings cache: 'debug' => '/home/nasum/.cache/typescript/3.8/node_modules/@types/debug/index.d.ts'
[11:54:53.257] Adding entry into typings cache: 'decode-uri-component' => '/home/nasum/.cache/typescript/3.8/node_modules/@types/decode-uri-component/index.d.ts'
[11:54:53.258] Adding entry into typings cache: 'define-properties' => '/home/nasum/.cache/typescript/3.8/node_modules/@types/define-properties/index.d.ts'
[11:54:53.258] Adding entry into typings cache: 'diffie-hellman' => '/home/nasum/.cache/typescript/3.8/node_modules/@types/diffie-hellman/index.d.ts'
[11:54:53.259] Adding entry into typings cache: 'domhandler' => '/home/nasum/.cache/typescript/3.8/node_modules/@types/domhandler/index.d.ts'
[11:54:53.260] Adding entry into typings cache: 'domutils' => '/home/nasum/.cache/typescript/3.8/node_modules/@types/domutils/index.d.ts'
[11:54:53.260] Adding entry into typings cache: 'duplexify' => '/home/nasum/.cache/typescript/3.8/node_modules/@types/duplexify/index.d.ts'
[11:54:53.261] Adding entry into typings cache: 'elliptic' => '/home/nasum/.cache/typescript/3.8/node_modules/@types/elliptic/index.d.ts'
[11:54:53.262] Adding entry into typings cache: 'end-of-stream' => '/home/nasum/.cache/typescript/3.8/node_modules/@types/end-of-stream/index.d.ts'
[11:54:53.262] Adding entry into typings cache: 'enhanced-resolve' => '/home/nasum/.cache/typescript/3.8/node_modules/@types/enhanced-resolve/index.d.ts'
[11:54:53.263] Adding entry into typings cache: 'entities' => '/home/nasum/.cache/typescript/3.8/node_modules/@types/entities/index.d.ts'
[11:54:53.265] Adding entry into typings cache: 'es-to-primitive' => '/home/nasum/.cache/typescript/3.8/node_modules/@types/es-to-primitive/ts3.1/index.d.ts'
[11:54:53.265] Adding entry into typings cache: 'eslint-scope' => '/home/nasum/.cache/typescript/3.8/node_modules/@types/eslint-scope/index.d.ts'
[11:54:53.266] Adding entry into typings cache: 'estraverse' => '/home/nasum/.cache/typescript/3.8/node_modules/@types/estraverse/index.d.ts'
[11:54:53.267] Adding entry into typings cache: 'events' => '/home/nasum/.cache/typescript/3.8/node_modules/@types/events/index.d.ts'
[11:54:53.268] Adding entry into typings cache: 'expand-tilde' => '/home/nasum/.cache/typescript/3.8/node_modules/@types/expand-tilde/index.d.ts'
[11:54:53.268] Adding entry into typings cache: 'find-cache-dir' => '/home/nasum/.cache/typescript/3.8/node_modules/@types/find-cache-dir/index.d.ts'
[11:54:53.269] Adding entry into typings cache: 'findup-sync' => '/home/nasum/.cache/typescript/3.8/node_modules/@types/findup-sync/index.d.ts'
[11:54:53.270] Adding entry into typings cache: 'flush-write-stream' => '/home/nasum/.cache/typescript/3.8/node_modules/@types/flush-write-stream/index.d.ts'
[11:54:53.270] Adding entry into typings cache: 'from2' => '/home/nasum/.cache/typescript/3.8/node_modules/@types/from2/index.d.ts'
[11:54:53.271] Adding entry into typings cache: 'function-bind' => '/home/nasum/.cache/typescript/3.8/node_modules/@types/function-bind/ts3.3/index.d.ts'
[11:54:53.272] Adding entry into typings cache: 'get-caller-file' => '/home/nasum/.cache/typescript/3.8/node_modules/@types/get-caller-file/index.d.ts'
[11:54:53.274] Adding entry into typings cache: 'get-value' => '/home/nasum/.cache/typescript/3.8/node_modules/@types/get-value/index.d.ts'
[11:54:53.274] Adding entry into typings cache: 'glob' => '/home/nasum/.cache/typescript/3.8/node_modules/@types/glob/index.d.ts'
[11:54:53.276] Adding entry into typings cache: 'glob-parent' => '/home/nasum/.cache/typescript/3.8/node_modules/@types/glob-parent/index.d.ts'
[11:54:53.277] Adding entry into typings cache: 'global-modules' => '/home/nasum/.cache/typescript/3.8/node_modules/@types/global-modules/index.d.ts'
[11:54:53.278] Adding entry into typings cache: 'global-prefix' => '/home/nasum/.cache/typescript/3.8/node_modules/@types/global-prefix/index.d.ts'
[11:54:53.279] Adding entry into typings cache: 'graceful-fs' => '/home/nasum/.cache/typescript/3.8/node_modules/@types/graceful-fs/index.d.ts'
[11:54:53.279] Adding entry into typings cache: 'hash-sum' => '/home/nasum/.cache/typescript/3.8/node_modules/@types/hash-sum/index.d.ts'
[11:54:53.280] Adding entry into typings cache: 'he' => '/home/nasum/.cache/typescript/3.8/node_modules/@types/he/index.d.ts'
[11:54:53.280] Adding entry into typings cache: 'html-minifier' => '/home/nasum/.cache/typescript/3.8/node_modules/@types/html-minifier/index.d.ts'
[11:54:53.282] Adding entry into typings cache: 'html-webpack-plugin' => '/home/nasum/.cache/typescript/3.8/node_modules/@types/html-webpack-plugin/index.d.ts'
[11:54:53.283] Adding entry into typings cache: 'htmlparser2' => '/home/nasum/.cache/typescript/3.8/node_modules/@types/htmlparser2/index.d.ts'
[11:54:53.284] Adding entry into typings cache: 'iferr' => '/home/nasum/.cache/typescript/3.8/node_modules/@types/iferr/index.d.ts'
[11:54:53.285] Adding entry into typings cache: 'imurmurhash' => '/home/nasum/.cache/typescript/3.8/node_modules/@types/imurmurhash/index.d.ts'
[11:54:53.286] Adding entry into typings cache: 'inherits' => '/home/nasum/.cache/typescript/3.8/node_modules/@types/inherits/index.d.ts'
[11:54:53.286] Adding entry into typings cache: 'ini' => '/home/nasum/.cache/typescript/3.8/node_modules/@types/ini/index.d.ts'
[11:54:53.287] Adding entry into typings cache: 'interpret' => '/home/nasum/.cache/typescript/3.8/node_modules/@types/interpret/index.d.ts'
[11:54:53.288] Adding entry into typings cache: 'is-buffer' => '/home/nasum/.cache/typescript/3.8/node_modules/@types/is-buffer/index.d.ts'
[11:54:53.288] Adding entry into typings cache: 'is-callable' => '/home/nasum/.cache/typescript/3.8/node_modules/@types/is-callable/index.d.ts'
[11:54:53.289] Adding entry into typings cache: 'is-date-object' => '/home/nasum/.cache/typescript/3.8/node_modules/@types/is-date-object/index.d.ts'
[11:54:53.290] Adding entry into typings cache: 'is-glob' => '/home/nasum/.cache/typescript/3.8/node_modules/@types/is-glob/index.d.ts'
[11:54:53.292] Adding entry into typings cache: 'is-number' => '/home/nasum/.cache/typescript/3.8/node_modules/@types/is-number/index.d.ts'
[11:54:53.293] Adding entry into typings cache: 'is-windows' => '/home/nasum/.cache/typescript/3.8/node_modules/@types/is-windows/index.d.ts'
[11:54:53.294] Adding entry into typings cache: 'isarray' => '/home/nasum/.cache/typescript/3.8/node_modules/@types/isarray/index.d.ts'
[11:54:53.295] Adding entry into typings cache: 'isexe' => '/home/nasum/.cache/typescript/3.8/node_modules/@types/isexe/index.d.ts'
[11:54:53.296] Adding entry into typings cache: 'jquery' => '/home/nasum/.cache/typescript/3.8/node_modules/@types/jquery/index.d.ts'
[11:54:53.296] Adding entry into typings cache: 'json-parse-better-errors' => '/home/nasum/.cache/typescript/3.8/node_modules/@types/json-parse-better-errors/index.d.ts'
[11:54:53.297] Adding entry into typings cache: 'json-schema-traverse' => '/home/nasum/.cache/typescript/3.8/node_modules/@types/json-schema-traverse/index.d.ts'
[11:54:53.298] Adding entry into typings cache: 'json5' => '/home/nasum/.cache/typescript/3.8/node_modules/@types/json5/index.d.ts'
[11:54:53.299] Adding entry into typings cache: 'kind-of' => '/home/nasum/.cache/typescript/3.8/node_modules/@types/kind-of/index.d.ts'
[11:54:53.300] Adding entry into typings cache: 'loader-runner' => '/home/nasum/.cache/typescript/3.8/node_modules/@types/loader-runner/index.d.ts'
[11:54:53.301] Adding entry into typings cache: 'loader-utils' => '/home/nasum/.cache/typescript/3.8/node_modules/@types/loader-utils/index.d.ts'
[11:54:53.301] Adding entry into typings cache: 'lodash' => '/home/nasum/.cache/typescript/3.8/node_modules/@types/lodash/ts3.1/index.d.ts'
[11:54:53.302] Adding entry into typings cache: 'lru-cache' => '/home/nasum/.cache/typescript/3.8/node_modules/@types/lru-cache/index.d.ts'
[11:54:53.303] Adding entry into typings cache: 'memory-fs' => '/home/nasum/.cache/typescript/3.8/node_modules/@types/memory-fs/index.d.ts'
[11:54:53.304] Adding entry into typings cache: 'micromatch' => '/home/nasum/.cache/typescript/3.8/node_modules/@types/micromatch/index.d.ts'
[11:54:53.304] Adding entry into typings cache: 'minimalistic-assert' => '/home/nasum/.cache/typescript/3.8/node_modules/@types/minimalistic-assert/index.d.ts'
[11:54:53.305] Adding entry into typings cache: 'minimatch' => '/home/nasum/.cache/typescript/3.8/node_modules/@types/minimatch/index.d.ts'
[11:54:53.305] Adding entry into typings cache: 'minimist' => '/home/nasum/.cache/typescript/3.8/node_modules/@types/minimist/index.d.ts'
[11:54:53.306] Adding entry into typings cache: 'mkdirp' => '/home/nasum/.cache/typescript/3.8/node_modules/@types/mkdirp/index.d.ts'
[11:54:53.307] Adding entry into typings cache: 'move-concurrently' => '/home/nasum/.cache/typescript/3.8/node_modules/@types/move-concurrently/index.d.ts'
[11:54:53.308] Adding entry into typings cache: 'ms' => '/home/nasum/.cache/typescript/3.8/node_modules/@types/ms/index.d.ts'
[11:54:53.308] Adding entry into typings cache: 'nice-try' => '/home/nasum/.cache/typescript/3.8/node_modules/@types/nice-try/index.d.ts'
[11:54:53.309] Adding entry into typings cache: 'node' => '/home/nasum/.cache/typescript/3.8/node_modules/@types/node/ts3.2/index.d.ts'
[11:54:53.310] Adding entry into typings cache: 'normalize-path' => '/home/nasum/.cache/typescript/3.8/node_modules/@types/normalize-path/index.d.ts'
[11:54:53.311] Adding entry into typings cache: 'object-assign' => '/home/nasum/.cache/typescript/3.8/node_modules/@types/object-assign/index.d.ts'
[11:54:53.311] Adding entry into typings cache: 'object-inspect' => '/home/nasum/.cache/typescript/3.8/node_modules/@types/object-inspect/index.d.ts'
[11:54:53.312] Adding entry into typings cache: 'object-keys' => '/home/nasum/.cache/typescript/3.8/node_modules/@types/object-keys/index.d.ts'
[11:54:53.312] Adding entry into typings cache: 'object.getownpropertydescriptors' => '/home/nasum/.cache/typescript/3.8/node_modules/@types/object.getownpropertydescriptors/index.d.ts'
[11:54:53.314] Adding entry into typings cache: 'object.pick' => '/home/nasum/.cache/typescript/3.8/node_modules/@types/object.pick/index.d.ts'
[11:54:53.315] Adding entry into typings cache: 'once' => '/home/nasum/.cache/typescript/3.8/node_modules/@types/once/index.d.ts'
[11:54:53.315] Adding entry into typings cache: 'pako' => '/home/nasum/.cache/typescript/3.8/node_modules/@types/pako/index.d.ts'
[11:54:53.316] Adding entry into typings cache: 'parallel-transform' => '/home/nasum/.cache/typescript/3.8/node_modules/@types/parallel-transform/index.d.ts'
[11:54:53.316] Adding entry into typings cache: 'parse-passwd' => '/home/nasum/.cache/typescript/3.8/node_modules/@types/parse-passwd/index.d.ts'
[11:54:53.317] Adding entry into typings cache: 'path-is-absolute' => '/home/nasum/.cache/typescript/3.8/node_modules/@types/path-is-absolute/index.d.ts'
[11:54:53.318] Adding entry into typings cache: 'pbkdf2' => '/home/nasum/.cache/typescript/3.8/node_modules/@types/pbkdf2/index.d.ts'
[11:54:53.318] Adding entry into typings cache: 'pify' => '/home/nasum/.cache/typescript/3.8/node_modules/@types/pify/index.d.ts'
[11:54:53.319] Adding entry into typings cache: 'prettier' => '/home/nasum/.cache/typescript/3.8/node_modules/@types/prettier/index.d.ts'
[11:54:53.319] Adding entry into typings cache: 'promise-inflight' => '/home/nasum/.cache/typescript/3.8/node_modules/@types/promise-inflight/index.d.ts'
[11:54:53.320] Adding entry into typings cache: 'pump' => '/home/nasum/.cache/typescript/3.8/node_modules/@types/pump/index.d.ts'
[11:54:53.321] Adding entry into typings cache: 'pumpify' => '/home/nasum/.cache/typescript/3.8/node_modules/@types/pumpify/index.d.ts'
[11:54:53.321] Adding entry into typings cache: 'punycode' => '/home/nasum/.cache/typescript/3.8/node_modules/@types/punycode/index.d.ts'
[11:54:53.322] Adding entry into typings cache: 'randombytes' => '/home/nasum/.cache/typescript/3.8/node_modules/@types/randombytes/index.d.ts'
[11:54:53.323] Adding entry into typings cache: 'readable-stream' => '/home/nasum/.cache/typescript/3.8/node_modules/@types/readable-stream/index.d.ts'
[11:54:53.323] Adding entry into typings cache: 'relateurl' => '/home/nasum/.cache/typescript/3.8/node_modules/@types/relateurl/index.d.ts'
[11:54:53.324] Adding entry into typings cache: 'repeat-element' => '/home/nasum/.cache/typescript/3.8/node_modules/@types/repeat-element/index.d.ts'
[11:54:53.325] Adding entry into typings cache: 'repeat-string' => '/home/nasum/.cache/typescript/3.8/node_modules/@types/repeat-string/index.d.ts'
[11:54:53.326] Adding entry into typings cache: 'require-directory' => '/home/nasum/.cache/typescript/3.8/node_modules/@types/require-directory/index.d.ts'
[11:54:53.327] Adding entry into typings cache: 'rimraf' => '/home/nasum/.cache/typescript/3.8/node_modules/@types/rimraf/index.d.ts'
[11:54:53.327] Adding entry into typings cache: 'ripemd160' => '/home/nasum/.cache/typescript/3.8/node_modules/@types/ripemd160/index.d.ts'
[11:54:53.328] Adding entry into typings cache: 'safe-regex' => '/home/nasum/.cache/typescript/3.8/node_modules/@types/safe-regex/index.d.ts'
[11:54:53.328] Adding entry into typings cache: 'semver' => '/home/nasum/.cache/typescript/3.8/node_modules/@types/semver/index.d.ts'
[11:54:53.329] Adding entry into typings cache: 'serialize-javascript' => '/home/nasum/.cache/typescript/3.8/node_modules/@types/serialize-javascript/index.d.ts'
[11:54:53.330] Adding entry into typings cache: 'set-value' => '/home/nasum/.cache/typescript/3.8/node_modules/@types/set-value/index.d.ts'
[11:54:53.330] Adding entry into typings cache: 'setimmediate' => '/home/nasum/.cache/typescript/3.8/node_modules/@types/setimmediate/ts3.1/index.d.ts'
[11:54:53.331] Adding entry into typings cache: 'sha.js' => '/home/nasum/.cache/typescript/3.8/node_modules/@types/sha.js/index.d.ts'
[11:54:53.332] Adding entry into typings cache: 'shebang-command' => '/home/nasum/.cache/typescript/3.8/node_modules/@types/shebang-command/index.d.ts'
[11:54:53.332] Adding entry into typings cache: 'signal-exit' => '/home/nasum/.cache/typescript/3.8/node_modules/@types/signal-exit/index.d.ts'
[11:54:53.332] Adding entry into typings cache: 'source-list-map' => '/home/nasum/.cache/typescript/3.8/node_modules/@types/source-list-map/index.d.ts'
[11:54:53.333] Adding entry into typings cache: 'source-map-support' => '/home/nasum/.cache/typescript/3.8/node_modules/@types/source-map-support/index.d.ts'
[11:54:53.334] Adding entry into typings cache: 'ssri' => '/home/nasum/.cache/typescript/3.8/node_modules/@types/ssri/index.d.ts'
[11:54:53.334] Adding entry into typings cache: 'stream-each' => '/home/nasum/.cache/typescript/3.8/node_modules/@types/stream-each/index.d.ts'
[11:54:53.335] Adding entry into typings cache: 'stream-shift' => '/home/nasum/.cache/typescript/3.8/node_modules/@types/stream-shift/index.d.ts'
[11:54:53.335] Adding entry into typings cache: 'supports-color' => '/home/nasum/.cache/typescript/3.8/node_modules/@types/supports-color/index.d.ts'
[11:54:53.336] Adding entry into typings cache: 'tapable' => '/home/nasum/.cache/typescript/3.8/node_modules/@types/tapable/index.d.ts'
[11:54:53.336] Adding entry into typings cache: 'terser-webpack-plugin' => '/home/nasum/.cache/typescript/3.8/node_modules/@types/terser-webpack-plugin/index.d.ts'
[11:54:53.336] Adding entry into typings cache: 'through2' => '/home/nasum/.cache/typescript/3.8/node_modules/@types/through2/index.d.ts'
[11:54:53.337] Adding entry into typings cache: 'toposort' => '/home/nasum/.cache/typescript/3.8/node_modules/@types/toposort/index.d.ts'
[11:54:53.337] Adding entry into typings cache: 'uglify-js' => '/home/nasum/.cache/typescript/3.8/node_modules/@types/uglify-js/index.d.ts'
[11:54:53.338] Adding entry into typings cache: 'uniq' => '/home/nasum/.cache/typescript/3.8/node_modules/@types/uniq/index.d.ts'
[11:54:53.339] Adding entry into typings cache: 'urix' => '/home/nasum/.cache/typescript/3.8/node_modules/@types/urix/index.d.ts'
[11:54:53.340] Adding entry into typings cache: 'util-deprecate' => '/home/nasum/.cache/typescript/3.8/node_modules/@types/util-deprecate/index.d.ts'
[11:54:53.340] Adding entry into typings cache: 'util.promisify' => '/home/nasum/.cache/typescript/3.8/node_modules/@types/util.promisify/index.d.ts'
[11:54:53.341] Adding entry into typings cache: 'watchpack' => '/home/nasum/.cache/typescript/3.8/node_modules/@types/watchpack/index.d.ts'
[11:54:53.342] Adding entry into typings cache: 'webpack' => '/home/nasum/.cache/typescript/3.8/node_modules/@types/webpack/index.d.ts'
[11:54:53.342] Adding entry into typings cache: 'webpack-sources' => '/home/nasum/.cache/typescript/3.8/node_modules/@types/webpack-sources/index.d.ts'
[11:54:53.343] Adding entry into typings cache: 'which' => '/home/nasum/.cache/typescript/3.8/node_modules/@types/which/index.d.ts'
[11:54:53.343] Adding entry into typings cache: 'wrap-ansi' => '/home/nasum/.cache/typescript/3.8/node_modules/@types/wrap-ansi/index.d.ts'
[11:54:53.344] Adding entry into typings cache: 'xtend' => '/home/nasum/.cache/typescript/3.8/node_modules/@types/xtend/index.d.ts'
[11:54:53.345] Adding entry into typings cache: 'y18n' => '/home/nasum/.cache/typescript/3.8/node_modules/@types/y18n/index.d.ts'
[11:54:53.346] Adding entry into typings cache: 'yallist' => '/home/nasum/.cache/typescript/3.8/node_modules/@types/yallist/index.d.ts'
[11:54:53.347] Adding entry into typings cache: 'yargs' => '/home/nasum/.cache/typescript/3.8/node_modules/@types/yargs/index.d.ts'
[11:54:53.347] Adding entry into typings cache: 'yargs-parser' => '/home/nasum/.cache/typescript/3.8/node_modules/@types/yargs-parser/index.d.ts'
[11:54:53.347] Finished processing cache location '/home/nasum/.cache/typescript/3.8'
[11:54:53.347] Process id: 32759
[11:54:53.347] NPM location: /home/nasum/.anyenv/envs/nodenv/versions/12.1.0/bin/npm (explicit '--npmLocation' not  provided)
[11:54:53.347] validateDefaultNpmLocation: false
[11:54:53.347] Npm config file: /home/nasum/.cache/typescript/3.8/package.json
[11:54:53.347] Updating types-registry npm package...
[11:54:53.348] Exec: /home/nasum/.anyenv/envs/nodenv/versions/12.1.0/bin/npm install --ignore-scripts types-registry@latest
[11:54:55.619]     Succeeded. stdout:
    + types-registry@0.1.482
    updated 1 package and audited 2467 packages in 1.856s
found 3 moderate severity vulnerabilities
  run `npm audit fix` to fix them, or `npm audit` for details

[11:54:55.620] Updated types-registry npm package
[16:31:2.788] Got install request {"projectName":"/dev/null/inferredProject1*","fileNames":[],"compilerOptions":{"target":1,"jsx":1,"allowNonTsExtensions":true,"allowJs":true,"noEmitForJsFiles":true},"typeAcquisition":{"enable":true,"include":[],"exclude":[]},"unresolvedImports":[],"projectRootPath":"/home/nasum/src/github.com/lapras-inc/lapras-frontend/src","kind":"discover"}
[16:31:2.804] Loaded safelist from types map file '/home/nasum/src/github.com/lapras-inc/lapras-frontend/node_modules/typescript/lib/typesMap.json'
[16:31:2.804] Explicitly included types: []
[16:31:2.805] Inferred typings from unresolved imports: []
[16:31:2.805] Result: {"cachedTypingPaths":[],"newTypingNames":[],"filesToWatch":["/home/nasum/src/github.com/lapras-inc/lapras-frontend/src/bower_components","/home/nasum/src/github.com/lapras-inc/lapras-frontend/src/node_modules"]}
[16:31:2.805] Finished typings discovery: {"cachedTypingPaths":[],"newTypingNames":[],"filesToWatch":["/home/nasum/src/github.com/lapras-inc/lapras-frontend/src/bower_components","/home/nasum/src/github.com/lapras-inc/lapras-frontend/src/node_modules"]}
[16:31:2.805] DirectoryWatcher:: Added:: WatchInfo: /home/nasum/src/github.com/lapras-inc/lapras-frontend/src/bower_components
[16:31:2.808] DirectoryWatcher:: Added:: WatchInfo: /home/nasum/src/github.com/lapras-inc/lapras-frontend/src/node_modules
[16:31:2.808] Sending response:
    {"projectName":"/dev/null/inferredProject1*","typeAcquisition":{"enable":true,"include":[],"exclude":[]},"compilerOptions":{"target":1,"jsx":1,"allowNonTsExtensions":true,"allowJs":true,"noEmitForJsFiles":true},"typings":[],"unresolvedImports":[],"kind":"action::set"}
[16:31:2.808] Response has been sent.
[16:31:2.808] No new typings were requested as a result of typings discovery
[16:31:2.808] Got install request {"projectName":"/dev/null/inferredProject2*","fileNames":[],"compilerOptions":{"target":1,"jsx":1,"allowNonTsExtensions":true,"allowJs":true,"noEmitForJsFiles":true},"typeAcquisition":{"enable":true,"include":[],"exclude":[]},"unresolvedImports":[],"projectRootPath":"/home/nasum/src/github.com/lapras-inc/lapras-frontend/src/components/Card","kind":"discover"}
[16:31:2.808] Explicitly included types: []
[16:31:2.809] Inferred typings from unresolved imports: []
[16:31:2.809] Result: {"cachedTypingPaths":[],"newTypingNames":[],"filesToWatch":["/home/nasum/src/github.com/lapras-inc/lapras-frontend/src/components/Card/bower_components","/home/nasum/src/github.com/lapras-inc/lapras-frontend/src/components/Card/node_modules"]}
[16:31:2.809] Finished typings discovery: {"cachedTypingPaths":[],"newTypingNames":[],"filesToWatch":["/home/nasum/src/github.com/lapras-inc/lapras-frontend/src/components/Card/bower_components","/home/nasum/src/github.com/lapras-inc/lapras-frontend/src/components/Card/node_modules"]}
[16:31:2.809] DirectoryWatcher:: Added:: WatchInfo: /home/nasum/src/github.com/lapras-inc/lapras-frontend/src/components/Card/bower_components
[16:31:2.809] DirectoryWatcher:: Added:: WatchInfo: /home/nasum/src/github.com/lapras-inc/lapras-frontend/src/components/Card/node_modules
[16:31:2.809] Sending response:
    {"projectName":"/dev/null/inferredProject2*","typeAcquisition":{"enable":true,"include":[],"exclude":[]},"compilerOptions":{"target":1,"jsx":1,"allowNonTsExtensions":true,"allowJs":true,"noEmitForJsFiles":true},"typings":[],"unresolvedImports":[],"kind":"action::set"}
[16:31:2.809] Response has been sent.
[16:31:2.809] No new typings were requested as a result of typings discovery
